[2025-12-09 08:51:59] GET /api/health
[2025-12-09 08:51:59] GET /favicon.ico
[2025-12-09 08:55:18] POST /api/auth/login
[2025-12-09 08:55:22] POST /api/auth/login
[2025-12-09 08:55:32] POST /api/auth/login
[2025-12-09 08:55:33] GET /api/admin/users
[2025-12-09 08:55:33] GET /api/sites
[2025-12-09 08:55:34] GET /api/requests
[2025-12-09 08:55:34] GET /api/payments
[2025-12-09 08:55:34] GET /api/admin/users
[2025-12-09 08:55:34] GET /api/sites
[2025-12-09 08:55:34] GET /api/requests
[2025-12-09 08:55:34] GET /api/payments
[2025-12-09 08:55:34] GET /api/requests
[2025-12-09 08:55:34] GET /api/payments
[2025-12-09 08:55:35] GET /api/requests
[2025-12-09 08:55:35] GET /api/payments
[2025-12-09 08:56:12] POST /api/admin/users
[2025-12-09 08:56:12] GET /api/admin/users
[2025-12-09 08:56:12] GET /api/sites
[2025-12-09 08:56:13] GET /api/requests
[2025-12-09 08:56:13] GET /api/payments
[2025-12-09 08:56:13] GET /api/requests
[2025-12-09 08:56:13] GET /api/payments
[2025-12-09 08:56:14] GET /api/admin/users
[2025-12-09 08:56:15] GET /api/admin/users
[2025-12-09 08:56:25] DELETE /api/admin/users/2
[2025-12-09 08:56:25] GET /api/admin/users
[2025-12-09 08:56:32] DELETE /api/admin/users/2
[2025-12-09 08:56:32] GET /api/admin/users
[2025-12-09 08:56:38] DELETE /api/admin/users/5
[2025-12-09 08:56:39] GET /api/admin/users
[2025-12-09 08:56:41] GET /api/admin/users
[2025-12-09 08:56:42] GET /api/sites
[2025-12-09 08:56:42] GET /api/requests
[2025-12-09 08:56:42] GET /api/admin/users
[2025-12-09 08:56:42] GET /api/payments
[2025-12-09 08:56:42] GET /api/sites
[2025-12-09 08:56:42] GET /api/requests
[2025-12-09 08:56:42] GET /api/payments
[2025-12-09 08:56:43] GET /api/requests
[2025-12-09 08:56:43] GET /api/payments
[2025-12-09 08:56:43] GET /api/requests
[2025-12-09 08:56:43] GET /api/payments
[2025-12-09 08:56:48] GET /api/admin/users
[2025-12-09 08:56:48] GET /api/admin/users
[2025-12-09 08:58:08] POST /api/admin/users
[2025-12-09 08:58:08] GET /api/admin/users
[2025-12-09 08:58:22] POST /api/auth/login
[2025-12-09 08:58:23] GET /api/requests
[2025-12-09 08:58:23] GET /api/requests
[2025-12-09 08:58:30] GET /api/sites
[2025-12-09 08:58:30] GET /api/sites
[2025-12-09 08:59:02] POST /api/auth/login
[2025-12-09 08:59:10] POST /api/auth/login
[2025-12-09 08:59:10] GET /api/requests
[2025-12-09 08:59:11] GET /api/requests
[2025-12-09 09:06:44] POST /api/auth/login
[2025-12-09 09:06:45] GET /api/admin/users
[2025-12-09 09:06:45] GET /api/sites
[2025-12-09 09:06:46] GET /api/requests
[2025-12-09 09:06:46] GET /api/payments
[2025-12-09 09:06:46] GET /api/admin/users
[2025-12-09 09:06:46] GET /api/sites
[2025-12-09 09:06:46] GET /api/requests
[2025-12-09 09:06:46] GET /api/payments
[2025-12-09 09:06:46] GET /api/requests
[2025-12-09 09:06:46] GET /api/payments
[2025-12-09 09:06:47] GET /api/requests
[2025-12-09 09:06:47] GET /api/payments
[2025-12-09 09:07:04] GET /api/admin/users
[2025-12-09 09:07:04] GET /api/admin/users
[2025-12-09 09:07:48] POST /api/admin/users
[2025-12-09 09:07:48] GET /api/admin/users
[2025-12-09 09:09:50] POST /api/auth/login
[2025-12-09 09:09:51] GET /api/requests
[2025-12-09 09:09:51] GET /api/requests
[2025-12-09 09:10:10] POST /api/auth/login
[2025-12-09 09:10:11] GET /api/admin/users
[2025-12-09 09:10:11] GET /api/sites
[2025-12-09 09:10:11] GET /api/requests
[2025-12-09 09:10:11] GET /api/payments
[2025-12-09 09:10:11] GET /api/admin/users
[2025-12-09 09:10:11] GET /api/sites
[2025-12-09 09:10:11] GET /api/requests
[2025-12-09 09:10:11] GET /api/payments
[2025-12-09 09:10:12] GET /api/requests
[2025-12-09 09:10:12] GET /api/payments
[2025-12-09 09:10:12] GET /api/requests
[2025-12-09 09:10:12] GET /api/payments
[2025-12-09 09:10:38] POST /api/admin/users
[2025-12-09 09:10:39] GET /api/admin/users
[2025-12-09 09:10:39] GET /api/sites
[2025-12-09 09:10:39] GET /api/requests
[2025-12-09 09:10:39] GET /api/payments
[2025-12-09 09:10:40] GET /api/requests
[2025-12-09 09:10:40] GET /api/payments
[2025-12-09 09:10:41] GET /api/admin/users
[2025-12-09 09:10:41] GET /api/admin/users
[2025-12-09 09:10:48] POST /api/auth/login
[2025-12-09 09:10:54] POST /api/auth/login
[2025-12-09 09:10:55] GET /api/sites
[2025-12-09 09:10:55] GET /api/sites
[2025-12-09 09:11:01] GET /api/sites
[2025-12-09 09:11:02] GET /api/sites
[2025-12-09 09:11:36] GET /api/sites
[2025-12-09 09:11:36] GET /api/sites
[2025-12-09 09:11:39] GET /api/sites
[2025-12-09 09:11:40] GET /api/sites
[2025-12-09 09:12:19] POST /api/sites
[2025-12-09 09:12:19] GET /api/sites
[2025-12-09 09:12:50] GET /api/sites
[2025-12-09 09:12:50] GET /api/sites
[2025-12-09 09:14:50] POST /api/auth/login
[2025-12-09 09:14:51] GET /api/sites
[2025-12-09 09:14:51] GET /api/sites
[2025-12-09 09:14:52] GET /api/sites
[2025-12-09 09:14:52] GET /api/sites
[2025-12-09 09:20:42] POST /api/auth/login
[2025-12-09 09:20:43] GET /api/sites
[2025-12-09 09:20:43] GET /api/sites
[2025-12-09 09:21:03] GET /api/sites
[2025-12-09 09:21:04] GET /api/sites
[2025-12-09 09:22:05] POST /api/sites
[2025-12-09 09:22:05] GET /api/sites
[2025-12-09 09:23:17] GET /api/sites
[2025-12-09 09:23:17] GET /api/sites
[2025-12-09 10:52:26] POST /api/auth/login
[2025-12-09 10:52:27] GET /api/admin/users
[2025-12-09 10:52:27] GET /api/sites
[2025-12-09 10:52:27] GET /api/requests
[2025-12-09 10:52:27] GET /api/payments
[2025-12-09 10:52:27] GET /api/admin/users
[2025-12-09 10:52:27] GET /api/sites
[2025-12-09 10:52:27] GET /api/requests
[2025-12-09 10:52:27] GET /api/payments
[2025-12-09 10:52:28] GET /api/requests
[2025-12-09 10:52:28] GET /api/payments
[2025-12-09 10:52:28] GET /api/requests
[2025-12-09 10:52:28] GET /api/payments
[2025-12-09 10:53:07] POST /api/admin/users
[2025-12-09 10:53:07] GET /api/admin/users
[2025-12-09 10:53:07] GET /api/sites
[2025-12-09 10:53:08] GET /api/requests
[2025-12-09 10:53:08] GET /api/payments
[2025-12-09 10:53:08] GET /api/requests
[2025-12-09 10:53:08] GET /api/payments
[2025-12-09 10:53:12] GET /api/admin/users
[2025-12-09 10:53:12] GET /api/admin/users
[2025-12-09 10:53:16] GET /api/sites
[2025-12-09 10:53:17] GET /api/admin/users
[2025-12-09 10:53:17] GET /api/sites
[2025-12-09 10:53:17] GET /api/admin/users
[2025-12-09 10:53:19] GET /api/requests
[2025-12-09 10:53:19] GET /api/payments
[2025-12-09 10:53:19] GET /api/requests
[2025-12-09 10:53:20] GET /api/payments
[2025-12-09 10:53:20] GET /api/admin/users
[2025-12-09 10:53:20] GET /api/admin/users
[2025-12-09 10:54:05] POST /api/admin/users
[2025-12-09 10:54:05] GET /api/admin/users
[2025-12-09 10:54:08] GET /api/admin/users
[2025-12-09 10:54:08] GET /api/sites
[2025-12-09 10:54:08] GET /api/requests
[2025-12-09 10:54:08] GET /api/payments
[2025-12-09 10:54:09] GET /api/admin/users
[2025-12-09 10:54:09] GET /api/sites
[2025-12-09 10:54:09] GET /api/requests
[2025-12-09 10:54:09] GET /api/payments
[2025-12-09 10:54:09] GET /api/requests
[2025-12-09 10:54:09] GET /api/payments
[2025-12-09 10:54:10] GET /api/requests
[2025-12-09 10:54:10] GET /api/payments
[2025-12-09 10:54:10] GET /api/requests
[2025-12-09 10:54:10] GET /api/payments
[2025-12-09 10:54:10] GET /api/requests
[2025-12-09 10:54:10] GET /api/payments
[2025-12-09 10:54:11] GET /api/payments
[2025-12-09 10:54:11] GET /api/payments
[2025-12-09 10:54:24] POST /api/auth/login
[2025-12-09 10:54:25] GET /api/sites
[2025-12-09 10:54:25] GET /api/sites
[2025-12-09 10:54:29] GET /api/sites
[2025-12-09 10:54:30] GET /api/sites
[2025-12-09 10:54:54] POST /api/sites
[2025-12-09 10:54:55] GET /api/sites
[2025-12-09 10:55:12] POST /api/auth/login
[2025-12-09 10:55:13] GET /api/admin/users
[2025-12-09 10:55:13] GET /api/sites
[2025-12-09 10:55:13] GET /api/requests
[2025-12-09 10:55:13] GET /api/payments
[2025-12-09 10:55:13] GET /api/admin/users
[2025-12-09 10:55:13] GET /api/sites
[2025-12-09 10:55:14] GET /api/requests
[2025-12-09 10:55:14] GET /api/payments
[2025-12-09 10:55:14] GET /api/requests
[2025-12-09 10:55:14] GET /api/payments
[2025-12-09 10:55:14] GET /api/requests
[2025-12-09 10:55:14] GET /api/sites
[2025-12-09 10:55:14] GET /api/admin/users
[2025-12-09 10:55:15] GET /api/payments
[2025-12-09 10:55:15] GET /api/sites
[2025-12-09 10:55:15] GET /api/admin/users
[2025-12-09 10:55:17] GET /api/admin/users
[2025-12-09 10:55:17] GET /api/admin/users
[2025-12-09 10:55:18] GET /api/sites
[2025-12-09 10:55:18] GET /api/admin/users
[2025-12-09 10:55:18] GET /api/sites
[2025-12-09 10:55:18] GET /api/admin/users
[2025-12-09 10:58:21] GET /api/admin/users
[2025-12-09 10:58:21] GET /api/admin/users
[2025-12-09 10:58:22] GET /api/admin/users
[2025-12-09 10:58:23] GET /api/sites
[2025-12-09 10:58:23] GET /api/requests
[2025-12-09 10:58:23] GET /api/payments
[2025-12-09 10:58:23] GET /api/admin/users
[2025-12-09 10:58:23] GET /api/sites
[2025-12-09 10:58:23] GET /api/requests
[2025-12-09 10:58:23] GET /api/payments
[2025-12-09 10:58:23] GET /api/requests
[2025-12-09 10:58:24] GET /api/payments
[2025-12-09 10:58:24] GET /api/requests
[2025-12-09 10:58:24] GET /api/payments
[2025-12-09 11:04:01] POST /api/auth/login
[2025-12-09 11:04:01] GET /api/sites
[2025-12-09 11:04:02] GET /api/sites
[2025-12-09 11:04:03] GET /api/sites
[2025-12-09 11:04:04] GET /api/sites
[2025-12-09 11:04:31] POST /api/sites
[2025-12-09 11:04:31] GET /api/sites
[2025-12-09 11:04:36] GET /api/sites
[2025-12-09 11:04:37] GET /api/sites
[2025-12-09 11:04:41] GET /api/sites
[2025-12-09 11:04:41] GET /api/sites
[2025-12-09 11:10:51] POST /api/sites
[2025-12-09 11:11:48] POST /api/sites
[2025-12-09 11:12:18] POST /api/auth/login
[2025-12-09 11:12:18] POST /api/sites
[2025-12-09 11:13:13] POST /api/auth/login
[2025-12-09 11:13:13] POST /api/sites
[2025-12-09 11:15:00] POST /api/sites
[2025-12-09 11:15:00] GET /api/sites
[2025-12-09 11:15:12] GET /api/sites
[2025-12-09 11:15:12] GET /api/sites
[2025-12-09 11:15:13] GET /api/sites
[2025-12-09 11:15:14] GET /api/sites
[2025-12-09 11:15:21] DELETE /api/sites/2
[2025-12-09 11:15:58] DELETE /api/sites/3
[2025-12-09 11:16:07] DELETE /api/sites/2
[2025-12-09 11:16:47] POST /api/auth/login
[2025-12-09 11:16:48] GET /api/admin/users
[2025-12-09 11:16:48] GET /api/sites
[2025-12-09 11:16:48] GET /api/requests
[2025-12-09 11:16:48] GET /api/payments
[2025-12-09 11:16:49] GET /api/admin/users
[2025-12-09 11:16:49] GET /api/sites
[2025-12-09 11:16:49] GET /api/requests
[2025-12-09 11:16:49] GET /api/payments
[2025-12-09 11:16:49] GET /api/requests
[2025-12-09 11:16:49] GET /api/payments
[2025-12-09 11:16:50] GET /api/requests
[2025-12-09 11:16:50] GET /api/payments
[2025-12-09 11:16:50] GET /api/sites
[2025-12-09 11:16:50] GET /api/admin/users
[2025-12-09 11:16:51] GET /api/sites
[2025-12-09 11:16:51] GET /api/admin/users
[2025-12-09 11:16:57] DELETE /api/sites/2
[2025-12-09 11:17:02] GET /api/admin/users
[2025-12-09 11:17:03] GET /api/admin/users
[2025-12-09 11:17:05] GET /api/admin/users
[2025-12-09 11:17:05] GET /api/sites
[2025-12-09 11:17:06] GET /api/requests
[2025-12-09 11:17:06] GET /api/admin/users
[2025-12-09 11:17:06] GET /api/payments
[2025-12-09 11:17:06] GET /api/sites
[2025-12-09 11:17:06] GET /api/requests
[2025-12-09 11:17:06] GET /api/payments
[2025-12-09 11:17:06] GET /api/requests
[2025-12-09 11:17:06] GET /api/payments
[2025-12-09 11:17:07] GET /api/requests
[2025-12-09 11:17:07] GET /api/payments
[2025-12-09 11:17:18] GET /api/payments
[2025-12-09 11:17:18] GET /api/payments
[2025-12-09 11:17:20] GET /api/payments
[2025-12-09 11:17:20] GET /api/admin/users
[2025-12-09 11:17:20] GET /api/sites
[2025-12-09 11:17:20] GET /api/requests
[2025-12-09 11:17:20] GET /api/payments
[2025-12-09 11:17:20] GET /api/admin/users
[2025-12-09 11:17:20] GET /api/sites
[2025-12-09 11:17:20] GET /api/requests
[2025-12-09 11:17:20] GET /api/payments
[2025-12-09 11:17:21] GET /api/requests
[2025-12-09 11:17:21] GET /api/payments
[2025-12-09 11:17:21] GET /api/requests
[2025-12-09 11:17:21] GET /api/payments
[2025-12-09 11:17:22] GET /api/requests
[2025-12-09 11:17:22] GET /api/payments
[2025-12-09 11:17:22] GET /api/requests
[2025-12-09 11:17:22] GET /api/payments
[2025-12-09 11:17:22] GET /api/payments
[2025-12-09 11:17:26] GET /api/requests
[2025-12-09 11:17:26] GET /api/payments
[2025-12-09 11:17:26] GET /api/requests
[2025-12-09 11:17:27] GET /api/payments
[2025-12-09 11:18:53] POST /api/auth/login
[2025-12-09 11:18:54] GET /api/sites
[2025-12-09 11:18:54] GET /api/sites
[2025-12-09 11:19:00] GET /api/sites
[2025-12-09 11:19:00] GET /api/sites
[2025-12-09 11:19:02] GET /api/sites
[2025-12-09 11:19:03] GET /api/sites
[2025-12-09 11:19:08] DELETE /api/sites/2
[2025-12-09 11:19:09] GET /api/sites
[2025-12-09 11:19:45] POST /api/sites
[2025-12-09 11:19:46] GET /api/sites
[2025-12-09 11:21:07] POST /api/auth/login
[2025-12-09 11:21:09] GET /api/admin/users
[2025-12-09 11:21:09] GET /api/sites
[2025-12-09 11:21:09] GET /api/requests
[2025-12-09 11:21:09] GET /api/payments
[2025-12-09 11:21:09] GET /api/admin/users
[2025-12-09 11:21:09] GET /api/sites
[2025-12-09 11:21:09] GET /api/requests
[2025-12-09 11:21:09] GET /api/payments
[2025-12-09 11:21:10] GET /api/requests
[2025-12-09 11:21:10] GET /api/payments
[2025-12-09 11:21:10] GET /api/requests
[2025-12-09 11:21:10] GET /api/payments
[2025-12-09 11:21:12] GET /api/admin/users
[2025-12-09 11:21:13] GET /api/admin/users
[2025-12-09 11:21:17] GET /api/sites
[2025-12-09 11:21:17] GET /api/admin/users
[2025-12-09 11:21:17] GET /api/sites
[2025-12-09 11:21:18] GET /api/admin/users
[2025-12-09 11:21:19] GET /api/requests
[2025-12-09 11:21:19] GET /api/payments
[2025-12-09 11:21:19] GET /api/requests
[2025-12-09 11:21:19] GET /api/payments
[2025-12-09 11:21:20] GET /api/payments
[2025-12-09 11:21:21] GET /api/payments
[2025-12-09 11:21:23] GET /api/requests
[2025-12-09 11:21:23] GET /api/payments
[2025-12-09 11:21:23] GET /api/admin/users
[2025-12-09 11:21:23] GET /api/sites
[2025-12-09 11:21:23] GET /api/requests
[2025-12-09 11:21:23] GET /api/payments
[2025-12-09 11:21:23] GET /api/admin/users
[2025-12-09 11:21:23] GET /api/sites
[2025-12-09 11:21:23] GET /api/requests
[2025-12-09 11:21:23] GET /api/payments
[2025-12-09 11:21:24] GET /api/requests
[2025-12-09 11:21:24] GET /api/payments
[2025-12-09 11:21:39] GET /api/payments
[2025-12-09 11:21:39] GET /api/payments
[2025-12-09 11:21:39] GET /api/payments
[2025-12-09 11:21:40] GET /api/requests
[2025-12-09 11:21:40] GET /api/payments
[2025-12-09 11:21:40] GET /api/requests
[2025-12-09 11:21:40] GET /api/sites
[2025-12-09 11:21:40] GET /api/admin/users
[2025-12-09 11:21:41] GET /api/sites
[2025-12-09 11:21:41] GET /api/admin/users
[2025-12-09 11:21:41] GET /api/admin/users
[2025-12-09 11:21:41] GET /api/admin/users
[2025-12-09 11:21:43] GET /api/admin/users
[2025-12-09 11:21:43] GET /api/sites
[2025-12-09 11:21:44] GET /api/requests
[2025-12-09 11:21:44] GET /api/payments
[2025-12-09 11:21:44] GET /api/admin/users
[2025-12-09 11:21:44] GET /api/sites
[2025-12-09 11:21:44] GET /api/requests
[2025-12-09 11:21:44] GET /api/payments
[2025-12-09 11:21:44] GET /api/requests
[2025-12-09 11:21:44] GET /api/payments
[2025-12-09 11:21:45] GET /api/requests
[2025-12-09 11:21:45] GET /api/payments
[2025-12-09 11:21:49] GET /api/admin/users
[2025-12-09 11:21:49] GET /api/admin/users
[2025-12-09 11:21:51] GET /api/payments
[2025-12-09 11:21:51] GET /api/payments
[2025-12-09 11:21:52] GET /api/payments
[2025-12-09 11:21:52] GET /api/requests
[2025-12-09 11:21:52] GET /api/payments
[2025-12-09 11:21:52] GET /api/requests
[2025-12-09 11:21:52] GET /api/admin/users
[2025-12-09 11:21:53] GET /api/sites
[2025-12-09 11:21:53] GET /api/admin/users
[2025-12-09 11:21:53] GET /api/sites
[2025-12-09 11:25:39] POST /api/auth/register
[2025-12-09 11:26:00] POST /api/auth/login
[2025-12-09 11:26:01] GET /api/requests
[2025-12-09 11:26:02] GET /api/requests
[2025-12-09 11:26:04] GET /api/sites
[2025-12-09 11:26:04] GET /api/sites
[2025-12-09 11:26:07] GET /api/sites/4
[2025-12-09 11:26:07] GET /api/sites/4
[2025-12-09 11:26:18] POST /api/requests
[2025-12-09 11:26:21] GET /api/requests
[2025-12-09 11:26:21] GET /api/requests
[2025-12-09 11:26:22] GET /api/requests
[2025-12-09 11:26:22] GET /api/requests
[2025-12-09 11:26:22] GET /api/payments
[2025-12-09 11:26:22] GET /api/payments
[2025-12-09 11:29:49] GET /api/requests
[2025-12-09 11:29:49] GET /api/requests
[2025-12-09 11:29:53] GET /api/sites
[2025-12-09 11:29:53] GET /api/sites
[2025-12-09 11:29:56] GET /api/sites/3
[2025-12-09 11:29:56] GET /api/sites/3
[2025-12-09 11:29:58] GET /api/sites
[2025-12-09 11:29:58] GET /api/sites
[2025-12-09 11:30:51] POST /api/auth/login
[2025-12-09 11:30:51] GET /api/sites
[2025-12-09 11:30:51] GET /api/sites
[2025-12-09 11:30:54] GET /api/sites
[2025-12-09 11:30:55] GET /api/sites
[2025-12-09 11:31:23] POST /api/sites
[2025-12-09 11:31:23] GET /api/sites
[2025-12-09 11:31:36] POST /api/auth/login
[2025-12-09 11:31:36] GET /api/requests
[2025-12-09 11:31:36] GET /api/requests
[2025-12-09 11:31:38] GET /api/sites
[2025-12-09 11:31:38] GET /api/sites
[2025-12-09 11:34:12] POST /api/auth/login
[2025-12-09 11:34:13] GET /api/requests
[2025-12-09 11:34:13] GET /api/requests
[2025-12-09 11:34:42] GET /api/sites
[2025-12-09 11:34:42] GET /api/sites
[2025-12-09 11:34:50] GET /api/sites/5
[2025-12-09 11:34:50] GET /api/sites/5
[2025-12-09 11:35:00] POST /api/requests
[2025-12-09 11:35:03] GET /api/requests
[2025-12-09 11:35:03] GET /api/requests
[2025-12-09 11:35:03] GET /api/requests
[2025-12-09 11:35:04] GET /api/requests
[2025-12-09 11:35:04] GET /api/payments
[2025-12-09 11:35:04] GET /api/payments
[2025-12-09 11:35:05] GET /api/payments
[2025-12-09 11:35:05] GET /api/payments
[2025-12-09 11:35:09] POST /api/payments/chapa/create
[2025-12-09 11:35:21] GET /api/requests
[2025-12-09 11:35:21] GET /api/requests
[2025-12-09 11:35:22] GET /api/requests
[2025-12-09 11:35:22] GET /api/requests
[2025-12-09 11:35:22] GET /api/payments
[2025-12-09 11:35:23] GET /api/payments
[2025-12-09 11:35:23] GET /api/payments
[2025-12-09 11:35:23] GET /api/payments
[2025-12-09 11:35:28] POST /api/payments/chapa/create
[2025-12-09 11:37:48] POST /api/auth/login
[2025-12-09 11:37:49] GET /api/admin/users
[2025-12-09 11:37:49] GET /api/sites
[2025-12-09 11:37:49] GET /api/requests
[2025-12-09 11:37:49] GET /api/payments
[2025-12-09 11:37:49] GET /api/admin/users
[2025-12-09 11:37:50] GET /api/sites
[2025-12-09 11:37:50] GET /api/requests
[2025-12-09 11:37:50] GET /api/payments
[2025-12-09 11:37:50] GET /api/requests
[2025-12-09 11:37:50] GET /api/payments
[2025-12-09 11:37:50] GET /api/requests
[2025-12-09 11:37:50] GET /api/payments
[2025-12-09 11:37:55] GET /api/admin/users
[2025-12-09 11:37:55] GET /api/admin/users
[2025-12-09 11:37:57] GET /api/admin/users
[2025-12-09 11:37:57] GET /api/sites
[2025-12-09 11:37:57] GET /api/requests
[2025-12-09 11:37:57] GET /api/admin/users
[2025-12-09 11:37:57] GET /api/payments
[2025-12-09 11:37:57] GET /api/sites
[2025-12-09 11:37:57] GET /api/requests
[2025-12-09 11:37:58] GET /api/payments
[2025-12-09 11:37:58] GET /api/requests
[2025-12-09 11:37:58] GET /api/payments
[2025-12-09 11:37:58] GET /api/requests
[2025-12-09 11:37:58] GET /api/payments
[2025-12-09 11:37:59] GET /api/sites
[2025-12-09 11:37:59] GET /api/admin/users
[2025-12-09 11:38:00] GET /api/sites
[2025-12-09 11:38:00] GET /api/admin/users
[2025-12-09 11:38:04] GET /api/requests
[2025-12-09 11:38:05] GET /api/payments
[2025-12-09 11:38:05] GET /api/requests
[2025-12-09 11:38:05] GET /api/payments
[2025-12-09 11:38:18] GET /api/admin/users
[2025-12-09 11:38:18] GET /api/sites
[2025-12-09 11:38:18] GET /api/requests
[2025-12-09 11:38:18] GET /api/payments
[2025-12-09 11:38:18] GET /api/admin/users
[2025-12-09 11:38:19] GET /api/sites
[2025-12-09 11:38:19] GET /api/requests
[2025-12-09 11:38:19] GET /api/payments
[2025-12-09 11:38:19] GET /api/requests
[2025-12-09 11:38:19] GET /api/payments
[2025-12-09 11:38:19] GET /api/requests
[2025-12-09 11:38:19] GET /api/payments
[2025-12-09 11:38:20] GET /api/payments
[2025-12-09 11:38:20] GET /api/payments
[2025-12-09 11:38:21] GET /api/admin/users
[2025-12-09 11:38:21] GET /api/sites
[2025-12-09 11:38:21] GET /api/requests
[2025-12-09 11:38:21] GET /api/payments
[2025-12-09 11:38:21] GET /api/admin/users
[2025-12-09 11:38:21] GET /api/sites
[2025-12-09 11:38:21] GET /api/requests
[2025-12-09 11:38:22] GET /api/payments
[2025-12-09 11:38:22] GET /api/requests
[2025-12-09 11:38:22] GET /api/payments
[2025-12-09 11:38:22] GET /api/requests
[2025-12-09 11:38:22] GET /api/payments
[2025-12-09 11:40:15] POST /api/auth/login
[2025-12-09 11:40:17] GET /api/admin/users
[2025-12-09 11:40:17] GET /api/sites
[2025-12-09 11:40:17] GET /api/requests
[2025-12-09 11:40:17] GET /api/payments
[2025-12-09 11:40:17] GET /api/admin/users
[2025-12-09 11:40:17] GET /api/sites
[2025-12-09 11:40:17] GET /api/requests
[2025-12-09 11:40:17] GET /api/payments
[2025-12-09 11:40:18] GET /api/requests
[2025-12-09 11:40:18] GET /api/payments
[2025-12-09 11:40:18] GET /api/requests
[2025-12-09 11:40:18] GET /api/payments
[2025-12-09 11:40:28] POST /api/auth/login
[2025-12-09 11:40:29] GET /api/requests
[2025-12-09 11:40:29] GET /api/requests
[2025-12-09 11:40:32] GET /api/requests
[2025-12-09 11:40:33] GET /api/requests
[2025-12-09 11:40:39] GET /api/requests
[2025-12-09 11:40:40] GET /api/requests
[2025-12-09 11:40:40] GET /api/requests
[2025-12-09 11:40:40] GET /api/requests
[2025-12-09 11:40:41] GET /api/payments
[2025-12-09 11:40:41] GET /api/payments
[2025-12-09 11:40:41] GET /api/payments
[2025-12-09 11:40:41] GET /api/payments
[2025-12-09 11:40:53] GET /api/requests
[2025-12-09 11:40:53] GET /api/requests
[2025-12-09 11:41:00] GET /api/sites
[2025-12-09 11:41:00] GET /api/sites
[2025-12-09 11:41:03] GET /api/sites/3
[2025-12-09 11:41:03] GET /api/sites/3
[2025-12-09 11:41:18] POST /api/requests
[2025-12-09 11:41:20] GET /api/requests
[2025-12-09 11:41:21] GET /api/requests
[2025-12-09 11:41:21] GET /api/requests
[2025-12-09 11:41:21] GET /api/requests
[2025-12-09 11:41:22] GET /api/payments
[2025-12-09 11:41:22] GET /api/payments
[2025-12-09 11:41:22] GET /api/payments
[2025-12-09 11:41:23] GET /api/payments
[2025-12-09 11:41:23] GET /api/payments
[2025-12-09 11:41:23] GET /api/payments
[2025-12-09 11:41:27] POST /api/payments/chapa/create
[2025-12-09 11:45:55] POST /api/auth/login
[2025-12-09 11:45:55] GET /api/requests
[2025-12-09 11:45:56] GET /api/requests
[2025-12-09 11:46:40] GET /api/sites
[2025-12-09 11:46:41] GET /api/sites
[2025-12-09 11:46:43] GET /api/sites/4
[2025-12-09 11:46:43] GET /api/sites/4
[2025-12-09 11:47:05] POST /api/requests
[2025-12-09 11:47:09] GET /api/requests
[2025-12-09 11:47:10] GET /api/requests
[2025-12-09 11:47:10] GET /api/requests
[2025-12-09 11:47:10] GET /api/requests
[2025-12-09 11:47:11] GET /api/payments
[2025-12-09 11:47:11] GET /api/payments
[2025-12-09 11:47:11] GET /api/payments
[2025-12-09 11:47:11] GET /api/payments
[2025-12-09 11:47:12] GET /api/payments
[2025-12-09 11:47:12] GET /api/payments
[2025-12-09 11:47:12] GET /api/payments
[2025-12-09 11:47:13] GET /api/payments
[2025-12-09 11:47:25] GET /api/sites/4
[2025-12-09 11:47:25] GET /api/sites/4
[2025-12-09 11:47:26] GET /api/sites
[2025-12-09 11:47:27] GET /api/sites
[2025-12-09 11:47:29] GET /api/sites
[2025-12-09 11:47:29] GET /api/sites
[2025-12-09 11:47:30] GET /api/sites/4
[2025-12-09 11:47:30] GET /api/sites/4
[2025-12-09 11:47:32] GET /api/requests
[2025-12-09 11:47:33] GET /api/requests
[2025-12-09 11:47:33] GET /api/requests
[2025-12-09 11:47:33] GET /api/requests
[2025-12-09 11:47:34] GET /api/payments
[2025-12-09 11:47:34] GET /api/sites/4
[2025-12-09 11:47:34] GET /api/payments
[2025-12-09 11:47:34] GET /api/sites/4
[2025-12-09 11:47:34] GET /api/payments
[2025-12-09 11:47:34] GET /api/payments
[2025-12-09 11:47:35] GET /api/payments
[2025-12-09 11:47:35] GET /api/payments
[2025-12-09 11:47:35] GET /api/payments
[2025-12-09 11:47:35] GET /api/payments
[2025-12-09 11:47:36] GET /api/sites/4
[2025-12-09 11:47:36] GET /api/sites/4
[2025-12-09 11:47:41] GET /api/sites/4
[2025-12-09 11:47:42] GET /api/sites/4
[2025-12-09 11:47:43] GET /api/sites/4
[2025-12-09 11:47:43] GET /api/sites/4
[2025-12-09 11:53:47] POST /api/auth/login
[2025-12-09 11:53:48] GET /api/requests
[2025-12-09 11:53:48] GET /api/requests
[2025-12-09 11:53:50] GET /api/sites
[2025-12-09 11:53:50] GET /api/sites
[2025-12-09 11:53:52] GET /api/sites/5
[2025-12-09 11:53:52] GET /api/sites/5
[2025-12-09 11:54:02] POST /api/requests
[2025-12-09 11:54:05] GET /api/requests
[2025-12-09 11:54:06] GET /api/requests
[2025-12-09 11:54:06] GET /api/requests
[2025-12-09 11:54:06] GET /api/requests
[2025-12-09 11:54:07] GET /api/payments
[2025-12-09 11:54:07] GET /api/payments
[2025-12-09 11:54:07] GET /api/payments
[2025-12-09 11:54:08] GET /api/payments
[2025-12-09 11:54:08] GET /api/payments
[2025-12-09 11:54:09] GET /api/payments
[2025-12-09 11:54:09] GET /api/payments
[2025-12-09 11:54:09] GET /api/payments
[2025-12-09 11:54:10] GET /api/payments
[2025-12-09 11:54:10] GET /api/payments
[2025-12-09 11:54:22] POST /api/payments/chapa/create
[2025-12-09 11:59:23] POST /api/auth/login
[2025-12-09 11:59:24] GET /api/requests
[2025-12-09 11:59:24] GET /api/requests
[2025-12-09 11:59:50] POST /api/auth/login
[2025-12-09 11:59:55] POST /api/auth/login
[2025-12-09 12:00:02] POST /api/auth/login
[2025-12-09 12:00:15] POST /api/auth/login
[2025-12-09 12:00:22] POST /api/auth/login
[2025-12-09 12:00:22] GET /api/requests
[2025-12-09 12:00:22] GET /api/requests
[2025-12-09 12:00:42] POST /api/auth/login
[2025-12-09 12:00:44] GET /api/admin/users
[2025-12-09 12:00:44] GET /api/sites
[2025-12-09 12:00:44] GET /api/requests
[2025-12-09 12:00:44] GET /api/payments
[2025-12-09 12:00:44] GET /api/notifications
[2025-12-09 12:00:44] GET /api/admin/users
[2025-12-09 12:00:44] GET /api/sites
[2025-12-09 12:00:44] GET /api/requests
[2025-12-09 12:00:44] GET /api/payments
[2025-12-09 12:00:44] GET /api/notifications
[2025-12-09 12:00:44] GET /api/requests
[2025-12-09 12:00:45] GET /api/payments
[2025-12-09 12:00:45] GET /api/requests
[2025-12-09 12:00:45] GET /api/payments
[2025-12-09 12:00:55] PATCH /api/notifications/2/read
[2025-12-09 12:00:57] PATCH /api/notifications/1/read
[2025-12-09 12:03:04] POST /api/auth/login
[2025-12-09 12:03:05] GET /api/requests
[2025-12-09 12:03:05] GET /api/requests
[2025-12-09 12:03:07] GET /api/sites
[2025-12-09 12:03:07] GET /api/sites
[2025-12-09 12:03:08] GET /api/requests
[2025-12-09 12:03:08] GET /api/requests
[2025-12-09 12:03:09] GET /api/requests
[2025-12-09 12:03:09] GET /api/requests
[2025-12-09 12:03:09] GET /api/payments
[2025-12-09 12:03:09] GET /api/payments
[2025-12-09 12:03:10] GET /api/payments
[2025-12-09 12:03:10] GET /api/payments
[2025-12-09 12:03:10] GET /api/payments
[2025-12-09 12:03:10] GET /api/payments
[2025-12-09 12:03:11] GET /api/payments
[2025-12-09 12:03:11] GET /api/payments
[2025-12-09 12:03:11] GET /api/payments
[2025-12-09 12:03:11] GET /api/payments
[2025-12-09 12:03:15] POST /api/payments/chapa/create
[2025-12-09 12:03:45] POST /api/auth/login
[2025-12-09 12:03:46] GET /api/admin/users
[2025-12-09 12:03:46] GET /api/sites
[2025-12-09 12:03:46] GET /api/requests
[2025-12-09 12:03:46] GET /api/payments
[2025-12-09 12:03:46] GET /api/notifications
[2025-12-09 12:03:46] GET /api/admin/users
[2025-12-09 12:03:46] GET /api/sites
[2025-12-09 12:03:47] GET /api/requests
[2025-12-09 12:03:47] GET /api/payments
[2025-12-09 12:03:47] GET /api/notifications
[2025-12-09 12:03:47] GET /api/requests
[2025-12-09 12:03:47] GET /api/payments
[2025-12-09 12:03:47] GET /api/requests
[2025-12-09 12:03:47] GET /api/payments
[2025-12-09 12:03:48] GET /api/payments
[2025-12-09 12:03:48] GET /api/payments
[2025-12-09 12:03:58] GET /api/requests
[2025-12-09 12:03:58] GET /api/payments
[2025-12-09 12:03:58] GET /api/requests
[2025-12-09 12:03:58] GET /api/payments
[2025-12-09 12:04:44] GET /api/payments
[2025-12-09 12:04:44] GET /api/payments
[2025-12-09 12:04:46] GET /api/payments
[2025-12-09 12:04:46] GET /api/requests
[2025-12-09 12:04:46] GET /api/payments
[2025-12-09 12:04:46] GET /api/requests
[2025-12-09 12:05:32] GET /api/payments
[2025-12-09 12:05:32] GET /api/payments
[2025-12-09 12:05:36] GET /api/payments
[2025-12-09 12:05:36] GET /api/requests
[2025-12-09 12:05:36] GET /api/payments
[2025-12-09 12:05:36] GET /api/requests
[2025-12-09 12:13:20] GET /api/requests
[2025-12-09 12:13:20] GET /api/payments
[2025-12-09 12:13:21] GET /api/requests
[2025-12-09 12:13:21] GET /api/payments
[2025-12-09 12:13:29] GET /api/payments
[2025-12-09 12:13:29] GET /api/payments
[2025-12-09 12:13:31] GET /api/sites
[2025-12-09 12:13:31] GET /api/admin/users
[2025-12-09 12:13:31] GET /api/sites
[2025-12-09 12:13:31] GET /api/admin/users
[2025-12-09 12:13:46] GET /api/requests
[2025-12-09 12:13:46] GET /api/payments
[2025-12-09 12:13:47] GET /api/requests
[2025-12-09 12:13:47] GET /api/payments
[2025-12-09 12:13:49] GET /api/payments
[2025-12-09 12:13:49] GET /api/payments
[2025-12-09 12:13:59] POST /api/auth/login
[2025-12-09 12:13:59] GET /api/requests
[2025-12-09 12:14:00] GET /api/requests
[2025-12-09 12:14:01] GET /api/sites
[2025-12-09 12:14:01] GET /api/sites
[2025-12-09 12:14:03] GET /api/sites/5
[2025-12-09 12:14:03] GET /api/sites/5
[2025-12-09 12:14:11] POST /api/requests
[2025-12-09 12:14:13] GET /api/requests
[2025-12-09 12:14:14] GET /api/requests
[2025-12-09 12:14:14] GET /api/requests
[2025-12-09 12:14:14] GET /api/requests
[2025-12-09 12:14:15] GET /api/payments
[2025-12-09 12:14:15] GET /api/payments
[2025-12-09 12:14:15] GET /api/payments
[2025-12-09 12:14:15] GET /api/payments
[2025-12-09 12:14:16] GET /api/payments
[2025-12-09 12:14:16] GET /api/payments
[2025-12-09 12:14:16] GET /api/payments
[2025-12-09 12:14:16] GET /api/payments
[2025-12-09 12:14:17] GET /api/payments
[2025-12-09 12:14:17] GET /api/payments
[2025-12-09 12:14:17] GET /api/payments
[2025-12-09 12:14:17] GET /api/payments
[2025-12-09 12:14:22] POST /api/payments/chapa/create
[2025-12-09 12:14:52] POST /api/auth/login
[2025-12-09 12:14:53] GET /api/requests
[2025-12-09 12:14:53] GET /api/requests
[2025-12-09 12:14:59] GET /api/requests
[2025-12-09 12:14:59] GET /api/requests
[2025-12-09 12:14:59] GET /api/requests
[2025-12-09 12:14:59] GET /api/requests
[2025-12-09 12:15:00] GET /api/payments
[2025-12-09 12:15:00] GET /api/payments
[2025-12-09 12:15:00] GET /api/payments
[2025-12-09 12:15:00] GET /api/payments
[2025-12-09 12:15:01] GET /api/payments
[2025-12-09 12:15:01] GET /api/payments
[2025-12-09 12:15:01] GET /api/payments
[2025-12-09 12:15:02] GET /api/payments
[2025-12-09 12:15:02] GET /api/payments
[2025-12-09 12:15:02] GET /api/payments
[2025-12-09 12:15:02] GET /api/payments
[2025-12-09 12:15:03] GET /api/payments
[2025-12-09 12:15:12] POST /api/auth/login
[2025-12-09 12:15:14] GET /api/admin/users
[2025-12-09 12:15:14] GET /api/sites
[2025-12-09 12:15:14] GET /api/requests
[2025-12-09 12:15:14] GET /api/payments
[2025-12-09 12:15:14] GET /api/notifications
[2025-12-09 12:15:14] GET /api/admin/users
[2025-12-09 12:15:14] GET /api/sites
[2025-12-09 12:15:14] GET /api/requests
[2025-12-09 12:15:14] GET /api/payments
[2025-12-09 12:15:14] GET /api/notifications
[2025-12-09 12:15:15] GET /api/requests
[2025-12-09 12:15:15] GET /api/payments
[2025-12-09 12:15:15] GET /api/requests
[2025-12-09 12:15:15] GET /api/payments
[2025-12-09 12:15:19] GET /api/requests
[2025-12-09 12:15:19] GET /api/payments
[2025-12-09 12:15:19] GET /api/requests
[2025-12-09 12:15:19] GET /api/payments
[2025-12-09 12:15:26] GET /api/payments
[2025-12-09 12:15:26] GET /api/payments
[2025-12-09 12:15:29] GET /api/payments
[2025-12-09 12:15:29] GET /api/requests
[2025-12-09 12:15:29] GET /api/payments
[2025-12-09 12:15:29] GET /api/requests
[2025-12-09 12:17:06] GET /api/payments
[2025-12-09 12:17:09] GET /api/payments
[2025-12-09 12:17:51] GET /api/requests
[2025-12-09 12:17:51] GET /api/payments
[2025-12-09 12:17:52] GET /api/requests
[2025-12-09 12:17:52] GET /api/payments
[2025-12-09 12:17:55] GET /api/sites
[2025-12-09 12:17:55] GET /api/admin/users
[2025-12-09 12:17:55] GET /api/sites
[2025-12-09 12:17:55] GET /api/admin/users
[2025-12-09 12:18:43] GET /api/payments
[2025-12-09 12:18:43] GET /api/payments
[2025-12-09 12:18:57] GET /api/requests
[2025-12-09 12:19:54] GET /api/requests
[2025-12-09 12:19:54] GET /api/payments
[2025-12-09 12:19:54] GET /api/requests
[2025-12-09 12:19:54] GET /api/payments
[2025-12-09 12:20:08] GET /api/payments
[2025-12-09 12:20:09] GET /api/payments
[2025-12-09 12:20:29] PATCH /api/payments/6/verify
[2025-12-09 12:20:30] GET /api/payments
[2025-12-09 12:20:35] PATCH /api/payments/6/verify
[2025-12-09 12:20:36] GET /api/payments
[2025-12-09 12:20:37] PATCH /api/payments/5/verify
[2025-12-09 12:20:37] GET /api/payments
[2025-12-09 12:20:55] PATCH /api/payments/6/verify
[2025-12-09 12:20:56] GET /api/payments
[2025-12-09 12:21:00] GET /api/payments
[2025-12-09 12:21:01] GET /api/requests
[2025-12-09 12:21:01] GET /api/payments
[2025-12-09 12:21:01] GET /api/requests
[2025-12-09 12:21:05] PATCH /api/requests/6/approve
[2025-12-09 12:21:06] GET /api/requests
[2025-12-09 12:21:06] GET /api/payments
[2025-12-09 12:21:13] GET /api/admin/users
[2025-12-09 12:21:13] GET /api/admin/users
[2025-12-09 12:21:20] GET /api/sites
[2025-12-09 12:21:20] GET /api/admin/users
[2025-12-09 12:21:20] GET /api/sites
[2025-12-09 12:21:20] GET /api/admin/users
[2025-12-09 12:21:22] GET /api/requests
[2025-12-09 12:21:22] GET /api/payments
[2025-12-09 12:21:23] GET /api/requests
[2025-12-09 12:21:23] GET /api/payments
[2025-12-09 12:21:31] PATCH /api/requests/6/assign-guide
[2025-12-09 12:21:32] GET /api/requests
[2025-12-09 12:21:32] GET /api/payments
[2025-12-09 12:21:50] POST /api/auth/login
[2025-12-09 12:21:50] GET /api/requests
[2025-12-09 12:21:51] GET /api/requests
[2025-12-09 12:21:57] GET /api/requests
[2025-12-09 12:21:57] GET /api/requests
[2025-12-09 12:22:00] GET /api/requests
[2025-12-09 12:22:01] GET /api/requests
[2025-12-09 12:22:02] GET /api/requests
[2025-12-09 12:22:03] GET /api/requests
[2025-12-09 12:23:49] GET /api/requests
[2025-12-09 12:23:49] GET /api/requests
[2025-12-09 12:24:05] POST /api/auth/login
[2025-12-09 12:24:06] GET /api/requests
[2025-12-09 12:24:06] GET /api/requests
[2025-12-09 12:24:10] GET /api/requests
[2025-12-09 12:24:11] GET /api/requests
[2025-12-09 12:26:47] GET /api/requests
[2025-12-09 12:26:47] GET /api/requests
[2025-12-09 12:31:18] GET /api/requests
[2025-12-09 12:31:18] GET /api/requests
[2025-12-09 12:36:28] POST /api/auth/login
[2025-12-09 12:36:28] GET /api/requests
[2025-12-09 12:36:29] GET /api/requests
[2025-12-09 12:36:33] GET /api/requests
[2025-12-09 12:36:33] GET /api/requests
[2025-12-09 12:38:38] POST /api/auth/login
[2025-12-09 12:38:46] POST /api/auth/login
[2025-12-09 12:38:54] POST /api/auth/login
[2025-12-09 12:38:54] GET /api/requests
[2025-12-09 12:38:54] GET /api/requests
[2025-12-09 12:39:02] GET /api/requests
[2025-12-09 12:39:02] GET /api/requests
[2025-12-09 12:39:06] PATCH /api/requests/6/assign-guide
[2025-12-09 12:39:07] PATCH /api/requests/6/status
[2025-12-09 12:39:07] GET /api/requests
[2025-12-09 12:39:16] GET /api/requests
[2025-12-09 12:39:16] GET /api/requests
[2025-12-09 12:39:28] GET /api/requests
[2025-12-09 12:39:28] GET /api/requests
[2025-12-09 12:40:08] POST /api/auth/login
[2025-12-09 12:40:14] POST /api/auth/login
[2025-12-09 12:40:19] POST /api/auth/login
[2025-12-09 12:40:29] POST /api/auth/login
[2025-12-09 12:41:25] POST /api/auth/login
[2025-12-09 12:41:26] GET /api/admin/users
[2025-12-09 12:41:26] GET /api/sites
[2025-12-09 12:41:26] GET /api/requests
[2025-12-09 12:41:26] GET /api/payments
[2025-12-09 12:41:26] GET /api/notifications
[2025-12-09 12:41:26] GET /api/admin/users
[2025-12-09 12:41:26] GET /api/sites
[2025-12-09 12:41:27] GET /api/requests
[2025-12-09 12:41:27] GET /api/payments
[2025-12-09 12:41:27] GET /api/notifications
[2025-12-09 12:41:27] GET /api/requests
[2025-12-09 12:41:27] GET /api/payments
[2025-12-09 12:41:27] GET /api/requests
[2025-12-09 12:41:27] GET /api/payments
[2025-12-09 12:41:32] GET /api/requests
[2025-12-09 12:41:32] GET /api/payments
[2025-12-09 12:41:32] GET /api/requests
[2025-12-09 12:41:32] GET /api/payments
[2025-12-09 12:41:35] GET /api/payments
[2025-12-09 12:41:35] GET /api/payments
[2025-12-09 12:41:40] PATCH /api/payments/6/verify
[2025-12-09 12:41:40] GET /api/payments
[2025-12-09 12:41:43] PATCH /api/payments/5/verify
[2025-12-09 12:41:43] GET /api/payments
[2025-12-09 12:41:44] PATCH /api/payments/4/verify
[2025-12-09 12:41:44] GET /api/payments
[2025-12-09 12:41:44] PATCH /api/payments/4/verify
[2025-12-09 12:41:44] GET /api/payments
[2025-12-09 12:41:45] PATCH /api/payments/3/verify
[2025-12-09 12:41:45] GET /api/payments
[2025-12-09 12:41:47] PATCH /api/payments/2/verify
[2025-12-09 12:41:47] GET /api/payments
[2025-12-09 12:41:49] PATCH /api/payments/1/verify
[2025-12-09 12:41:49] GET /api/payments
[2025-12-09 13:13:23] POST /api/auth/login
[2025-12-09 13:13:24] GET /api/admin/users
[2025-12-09 13:13:24] GET /api/sites
[2025-12-09 13:13:24] GET /api/requests
[2025-12-09 13:13:24] GET /api/payments
[2025-12-09 13:13:24] GET /api/notifications
[2025-12-09 13:13:24] GET /api/admin/users
[2025-12-09 13:13:24] GET /api/sites
[2025-12-09 13:13:24] GET /api/requests
[2025-12-09 13:13:24] GET /api/payments
[2025-12-09 13:13:24] GET /api/notifications
[2025-12-09 13:13:24] GET /api/requests
[2025-12-09 13:13:25] GET /api/payments
[2025-12-09 13:13:25] GET /api/requests
[2025-12-09 13:13:25] GET /api/payments
[2025-12-09 13:13:56] GET /api/admin/users
[2025-12-09 13:13:56] GET /api/sites
[2025-12-09 13:13:56] GET /api/requests
[2025-12-09 13:13:56] GET /api/payments
[2025-12-09 13:13:56] GET /api/notifications
[2025-12-09 13:13:56] GET /api/admin/users
[2025-12-09 13:13:56] GET /api/sites
[2025-12-09 13:13:56] GET /api/requests
[2025-12-09 13:13:56] GET /api/payments
[2025-12-09 13:13:56] GET /api/notifications
[2025-12-09 13:13:56] GET /api/requests
[2025-12-09 13:13:56] GET /api/payments
[2025-12-09 13:13:57] GET /api/requests
[2025-12-09 13:13:57] GET /api/payments
[2025-12-09 13:14:19] PATCH /api/users/me
[2025-12-09 13:14:36] POST /api/auth/login
[2025-12-09 13:14:42] POST /api/auth/login
[2025-12-09 13:14:51] POST /api/auth/login
[2025-12-09 13:14:58] POST /api/auth/login
[2025-12-09 13:14:58] GET /api/admin/users
[2025-12-09 13:14:58] GET /api/sites
[2025-12-09 13:14:58] GET /api/requests
[2025-12-09 13:14:59] GET /api/payments
[2025-12-09 13:14:59] GET /api/notifications
[2025-12-09 13:14:59] GET /api/admin/users
[2025-12-09 13:14:59] GET /api/sites
[2025-12-09 13:14:59] GET /api/requests
[2025-12-09 13:14:59] GET /api/payments
[2025-12-09 13:14:59] GET /api/notifications
[2025-12-09 13:14:59] GET /api/requests
[2025-12-09 13:14:59] GET /api/payments
[2025-12-09 13:14:59] GET /api/requests
[2025-12-09 13:14:59] GET /api/payments
[2025-12-09 13:15:14] GET /api/admin/users
[2025-12-09 13:15:14] GET /api/sites
[2025-12-09 13:15:14] GET /api/requests
[2025-12-09 13:15:14] GET /api/payments
[2025-12-09 13:15:14] GET /api/admin/users
[2025-12-09 13:15:14] GET /api/sites
[2025-12-09 13:15:14] GET /api/requests
[2025-12-09 13:15:14] GET /api/payments
[2025-12-09 13:15:14] GET /api/requests
[2025-12-09 13:15:14] GET /api/payments
[2025-12-09 13:15:14] GET /api/requests
[2025-12-09 13:15:14] GET /api/payments
[2025-12-09 13:15:18] GET /api/admin/users
[2025-12-09 13:15:18] GET /api/sites
[2025-12-09 13:15:18] GET /api/requests
[2025-12-09 13:15:18] GET /api/payments
[2025-12-09 13:15:18] GET /api/notifications
[2025-12-09 13:15:18] GET /api/admin/users
[2025-12-09 13:15:18] GET /api/sites
[2025-12-09 13:15:18] GET /api/requests
[2025-12-09 13:15:18] GET /api/payments
[2025-12-09 13:15:18] GET /api/notifications
[2025-12-09 13:15:18] GET /api/requests
[2025-12-09 13:15:19] GET /api/payments
[2025-12-09 13:15:19] GET /api/requests
[2025-12-09 13:15:19] GET /api/payments
[2025-12-09 13:38:44] POST /api/auth/login
[2025-12-09 13:38:44] GET /api/requests
[2025-12-09 13:38:44] GET /api/requests
[2025-12-09 13:38:53] GET /api/requests
[2025-12-09 13:38:54] GET /api/requests
[2025-12-09 13:38:55] GET /api/requests
[2025-12-09 13:38:55] GET /api/requests
[2025-12-09 13:39:03] POST /api/auth/login
[2025-12-09 13:39:04] GET /api/admin/users
[2025-12-09 13:39:04] GET /api/sites
[2025-12-09 13:39:04] GET /api/requests
[2025-12-09 13:39:04] GET /api/payments
[2025-12-09 13:39:04] GET /api/notifications
[2025-12-09 13:39:04] GET /api/admin/users
[2025-12-09 13:39:04] GET /api/sites
[2025-12-09 13:39:04] GET /api/requests
[2025-12-09 13:39:04] GET /api/payments
[2025-12-09 13:39:04] GET /api/notifications
[2025-12-09 13:39:04] GET /api/requests
[2025-12-09 13:39:04] GET /api/payments
[2025-12-09 13:39:04] GET /api/requests
[2025-12-09 13:39:04] GET /api/payments
[2025-12-09 13:39:10] POST /api/auth/login
[2025-12-09 13:39:11] GET /api/admin/users
[2025-12-09 13:39:11] GET /api/sites
[2025-12-09 13:39:11] GET /api/requests
[2025-12-09 13:39:11] GET /api/payments
[2025-12-09 13:39:11] GET /api/notifications
[2025-12-09 13:39:11] GET /api/admin/users
[2025-12-09 13:39:11] GET /api/sites
[2025-12-09 13:39:11] GET /api/requests
[2025-12-09 13:39:11] GET /api/payments
[2025-12-09 13:39:11] GET /api/notifications
[2025-12-09 13:39:12] GET /api/requests
[2025-12-09 13:39:12] GET /api/payments
[2025-12-09 13:39:12] GET /api/requests
[2025-12-09 13:39:12] GET /api/admin/users
[2025-12-09 13:39:12] GET /api/payments
[2025-12-09 13:39:12] GET /api/admin/users
[2025-12-09 13:39:22] POST /api/auth/login
[2025-12-09 13:39:23] GET /api/requests
[2025-12-09 13:39:23] GET /api/requests
[2025-12-09 13:39:25] GET /api/sites
[2025-12-09 13:39:25] GET /api/sites
[2025-12-09 13:39:26] GET /api/sites/5
[2025-12-09 13:39:26] GET /api/sites/5
[2025-12-09 13:39:38] POST /api/requests
[2025-12-09 13:39:38] GET /api/requests
[2025-12-09 13:39:38] GET /api/requests
[2025-12-09 13:39:38] GET /api/requests
[2025-12-09 13:39:39] GET /api/requests
[2025-12-09 13:39:39] GET /api/payments
[2025-12-09 13:39:39] GET /api/payments
[2025-12-09 13:39:39] GET /api/payments
[2025-12-09 13:39:39] GET /api/payments
[2025-12-09 13:39:39] GET /api/payments
[2025-12-09 13:39:39] GET /api/payments
[2025-12-09 13:39:39] GET /api/payments
[2025-12-09 13:39:39] GET /api/payments
[2025-12-09 13:39:39] GET /api/payments
[2025-12-09 13:39:39] GET /api/payments
[2025-12-09 13:39:40] GET /api/payments
[2025-12-09 13:39:40] GET /api/payments
[2025-12-09 13:39:40] GET /api/payments
[2025-12-09 13:39:40] GET /api/payments
[2025-12-09 13:39:43] POST /api/payments/chapa/create
[2025-12-09 13:52:05] POST /api/auth/login
[2025-12-09 13:52:06] GET /api/admin/users
[2025-12-09 13:52:06] GET /api/sites
[2025-12-09 13:52:06] GET /api/requests
[2025-12-09 13:52:06] GET /api/payments
[2025-12-09 13:52:06] GET /api/notifications
[2025-12-09 13:52:06] GET /api/admin/users
[2025-12-09 13:52:07] GET /api/sites
[2025-12-09 13:52:07] GET /api/requests
[2025-12-09 13:52:07] GET /api/payments
[2025-12-09 13:52:07] GET /api/notifications
[2025-12-09 13:52:07] GET /api/requests
[2025-12-09 13:52:07] GET /api/payments
[2025-12-09 13:52:07] GET /api/requests
[2025-12-09 13:52:07] GET /api/payments
[2025-12-09 13:52:09] GET /api/admin/users
[2025-12-09 13:52:09] GET /api/admin/users
[2025-12-09 13:52:27] PUT /api/admin/users/4/status
[2025-12-09 13:52:27] GET /api/admin/users
[2025-12-09 13:52:32] PUT /api/admin/users/4/status
[2025-12-09 13:52:32] GET /api/admin/users
[2025-12-09 13:52:36] DELETE /api/admin/users/4
[2025-12-09 13:52:36] GET /api/admin/users
[2025-12-09 13:52:44] DELETE /api/admin/users/4
[2025-12-09 13:52:44] GET /api/admin/users
[2025-12-09 13:52:49] GET /api/admin/users
[2025-12-09 13:52:49] GET /api/admin/users
[2025-12-09 13:52:53] DELETE /api/admin/users/4
[2025-12-09 13:52:53] GET /api/admin/users
[2025-12-09 13:55:55] DELETE /api/admin/users/4
[2025-12-09 13:55:55] GET /api/admin/users
[2025-12-09 13:58:17] DELETE /api/admin/users/4
[2025-12-09 13:58:17] GET /api/admin/users
[2025-12-09 13:58:51] POST /api/admin/users
[2025-12-09 13:58:51] GET /api/admin/users
[2025-12-09 13:59:46] DELETE /api/admin/users/5
[2025-12-09 13:59:47] GET /api/admin/users
[2025-12-09 13:59:50] GET /api/payments
[2025-12-09 13:59:50] GET /api/payments
[2025-12-09 14:00:00] GET /api/admin/users
[2025-12-09 14:00:00] GET /api/admin/users
[2025-12-09 14:00:01] GET /api/admin/users
[2025-12-09 14:00:01] GET /api/sites
[2025-12-09 14:00:01] GET /api/requests
[2025-12-09 14:00:01] GET /api/payments
[2025-12-09 14:00:01] GET /api/admin/users
[2025-12-09 14:00:02] GET /api/notifications
[2025-12-09 14:00:02] GET /api/sites
[2025-12-09 14:00:02] GET /api/requests
[2025-12-09 14:00:02] GET /api/payments
[2025-12-09 14:00:02] GET /api/notifications
[2025-12-09 14:00:02] GET /api/requests
[2025-12-09 14:00:02] GET /api/payments
[2025-12-09 14:00:02] GET /api/requests
[2025-12-09 14:00:03] GET /api/payments
[2025-12-09 14:00:12] POST /api/auth/login
[2025-12-09 14:00:13] GET /api/admin/users
[2025-12-09 14:00:13] GET /api/sites
[2025-12-09 14:00:13] GET /api/requests
[2025-12-09 14:00:13] GET /api/payments
[2025-12-09 14:00:13] GET /api/notifications
[2025-12-09 14:00:13] GET /api/admin/users
[2025-12-09 14:00:13] GET /api/sites
[2025-12-09 14:00:14] GET /api/requests
[2025-12-09 14:00:14] GET /api/payments
[2025-12-09 14:00:14] GET /api/notifications
[2025-12-09 14:00:14] GET /api/requests
[2025-12-09 14:00:14] GET /api/payments
[2025-12-09 14:00:14] GET /api/requests
[2025-12-09 14:00:14] GET /api/payments
[2025-12-09 14:00:18] GET /api/requests
[2025-12-09 14:00:18] GET /api/payments
[2025-12-09 14:00:18] GET /api/requests
[2025-12-09 14:00:18] GET /api/payments
[2025-12-09 14:00:19] GET /api/admin/users
[2025-12-09 14:00:19] GET /api/admin/users
[2025-12-09 14:07:53] POST /api/auth/login
[2025-12-09 14:07:53] GET /api/sites
[2025-12-09 14:07:54] GET /api/admin/users
[2025-12-09 14:07:54] GET /api/requests
[2025-12-09 14:07:54] GET /api/payments
[2025-12-09 14:07:54] GET /api/notifications
[2025-12-09 14:07:54] GET /api/sites
[2025-12-09 14:07:54] GET /api/admin/users
[2025-12-09 14:07:54] GET /api/requests
[2025-12-09 14:07:54] GET /api/payments
[2025-12-09 14:07:54] GET /api/notifications
[2025-12-09 14:07:54] GET /api/requests
[2025-12-09 14:07:54] GET /api/payments
[2025-12-09 14:07:54] GET /api/requests
[2025-12-09 14:07:55] GET /api/payments
[2025-12-09 14:07:56] GET /api/sites
[2025-12-09 14:07:56] GET /api/admin/users
[2025-12-09 14:07:56] GET /api/sites
[2025-12-09 14:07:56] GET /api/admin/users
[2025-12-09 14:07:57] GET /api/requests
[2025-12-09 14:07:57] GET /api/payments
[2025-12-09 14:07:57] GET /api/requests
[2025-12-09 14:07:57] GET /api/payments
[2025-12-09 14:08:03] GET /api/sites
[2025-12-09 14:08:03] GET /api/admin/users
[2025-12-09 14:08:03] GET /api/sites
[2025-12-09 14:08:03] GET /api/admin/users
[2025-12-09 14:08:04] GET /api/admin/users
[2025-12-09 14:08:04] GET /api/sites
[2025-12-09 14:08:04] GET /api/requests
[2025-12-09 14:08:04] GET /api/payments
[2025-12-09 14:08:04] GET /api/admin/users
[2025-12-09 14:08:04] GET /api/sites
[2025-12-09 14:08:04] GET /api/notifications
[2025-12-09 14:08:04] GET /api/requests
[2025-12-09 14:08:04] GET /api/payments
[2025-12-09 14:08:05] GET /api/notifications
[2025-12-09 14:08:05] GET /api/requests
[2025-12-09 14:08:05] GET /api/payments
[2025-12-09 14:08:05] GET /api/requests
[2025-12-09 14:08:05] GET /api/payments
[2025-12-09 14:09:12] POST /api/auth/register
[2025-12-09 14:09:33] POST /api/auth/login
[2025-12-09 14:09:34] GET /api/requests
[2025-12-09 14:09:34] GET /api/requests
[2025-12-09 14:09:37] GET /api/requests
[2025-12-09 14:09:37] GET /api/requests
[2025-12-09 14:10:23] POST /api/auth/login
[2025-12-09 14:10:24] GET /api/admin/users
[2025-12-09 14:10:24] GET /api/sites
[2025-12-09 14:10:24] GET /api/requests
[2025-12-09 14:10:24] GET /api/payments
[2025-12-09 14:10:24] GET /api/notifications
[2025-12-09 14:10:24] GET /api/admin/users
[2025-12-09 14:10:24] GET /api/sites
[2025-12-09 14:10:25] GET /api/requests
[2025-12-09 14:10:25] GET /api/payments
[2025-12-09 14:10:25] GET /api/notifications
[2025-12-09 14:10:25] GET /api/requests
[2025-12-09 14:10:25] GET /api/payments
[2025-12-09 14:10:25] GET /api/requests
[2025-12-09 14:10:25] GET /api/payments
[2025-12-09 14:10:29] GET /api/admin/users
[2025-12-09 14:10:29] GET /api/sites
[2025-12-09 14:10:30] GET /api/requests
[2025-12-09 14:10:30] GET /api/payments
[2025-12-09 14:10:30] GET /api/admin/users
[2025-12-09 14:10:30] GET /api/sites
[2025-12-09 14:10:30] GET /api/requests
[2025-12-09 14:10:30] GET /api/payments
[2025-12-09 14:10:30] GET /api/requests
[2025-12-09 14:10:30] GET /api/payments
[2025-12-09 14:10:30] GET /api/requests
[2025-12-09 14:10:30] GET /api/payments
[2025-12-09 14:10:31] GET /api/payments
[2025-12-09 14:10:31] GET /api/payments
[2025-12-09 14:10:38] PATCH /api/payments/7/verify
[2025-12-09 14:10:38] GET /api/payments
[2025-12-09 14:10:53] GET /api/requests
[2025-12-09 14:10:53] GET /api/payments
[2025-12-09 14:10:53] GET /api/requests
[2025-12-09 14:10:54] GET /api/payments
[2025-12-09 14:11:15] PATCH /api/requests/3/approve
[2025-12-09 14:11:15] GET /api/requests
[2025-12-09 14:11:15] GET /api/payments
[2025-12-09 14:11:19] GET /api/admin/users
[2025-12-09 14:11:19] GET /api/admin/users
[2025-12-09 14:11:22] GET /api/admin/users
[2025-12-09 14:11:23] GET /api/sites
[2025-12-09 14:11:23] GET /api/admin/users
[2025-12-09 14:11:23] GET /api/sites
[2025-12-09 14:11:25] GET /api/requests
[2025-12-09 14:11:25] GET /api/payments
[2025-12-09 14:11:25] GET /api/requests
[2025-12-09 14:11:25] GET /api/payments
[2025-12-09 14:11:30] PATCH /api/requests/3/assign-guide
[2025-12-09 14:11:30] GET /api/requests
[2025-12-09 14:11:30] GET /api/payments
[2025-12-09 14:11:38] PATCH /api/requests/3/assign-guide
[2025-12-09 14:11:38] GET /api/requests
[2025-12-09 14:11:38] GET /api/payments
[2025-12-09 14:11:42] GET /api/admin/users
[2025-12-09 14:11:42] GET /api/admin/users
[2025-12-09 14:11:45] GET /api/admin/users
[2025-12-09 14:11:46] GET /api/sites
[2025-12-09 14:11:46] GET /api/admin/users
[2025-12-09 14:11:46] GET /api/sites
[2025-12-09 14:18:24] POST /api/auth/login
[2025-12-09 14:18:25] GET /api/admin/users
[2025-12-09 14:18:25] GET /api/sites
[2025-12-09 14:18:25] GET /api/requests
[2025-12-09 14:18:25] GET /api/payments
[2025-12-09 14:18:25] GET /api/notifications
[2025-12-09 14:18:25] GET /api/admin/users
[2025-12-09 14:18:25] GET /api/sites
[2025-12-09 14:18:25] GET /api/requests
[2025-12-09 14:18:25] GET /api/payments
[2025-12-09 14:18:25] GET /api/notifications
[2025-12-09 14:18:26] GET /api/requests
[2025-12-09 14:18:26] GET /api/payments
[2025-12-09 14:18:26] GET /api/requests
[2025-12-09 14:18:26] GET /api/payments
[2025-12-09 14:18:57] POST /api/auth/login
[2025-12-09 14:18:57] GET /api/requests
[2025-12-09 14:18:57] GET /api/requests
[2025-12-09 14:19:02] GET /api/sites
[2025-12-09 14:19:02] GET /api/sites
[2025-12-09 14:19:03] GET /api/sites/5
[2025-12-09 14:19:04] GET /api/sites/5
[2025-12-09 14:19:08] GET /api/requests
[2025-12-09 14:19:08] GET /api/requests
[2025-12-09 14:19:12] GET /api/sites
[2025-12-09 14:19:12] GET /api/sites
[2025-12-09 14:20:10] GET /api/sites/5
[2025-12-09 14:20:10] GET /api/sites/5
[2025-12-09 14:20:23] POST /api/requests
[2025-12-09 14:20:25] GET /api/requests
[2025-12-09 14:20:25] GET /api/requests
[2025-12-09 14:20:25] GET /api/requests
[2025-12-09 14:20:25] GET /api/requests
[2025-12-09 14:20:25] GET /api/payments
[2025-12-09 14:20:25] GET /api/payments
[2025-12-09 14:20:28] POST /api/payments/chapa/create
[2025-12-09 14:21:24] POST /api/auth/login
[2025-12-09 14:21:25] GET /api/admin/users
[2025-12-09 14:21:25] GET /api/sites
[2025-12-09 14:21:25] GET /api/requests
[2025-12-09 14:21:25] GET /api/payments
[2025-12-09 14:21:25] GET /api/notifications
[2025-12-09 14:21:25] GET /api/admin/users
[2025-12-09 14:21:25] GET /api/sites
[2025-12-09 14:21:25] GET /api/requests
[2025-12-09 14:21:25] GET /api/payments
[2025-12-09 14:21:25] GET /api/notifications
[2025-12-09 14:21:25] GET /api/requests
[2025-12-09 14:21:25] GET /api/payments
[2025-12-09 14:21:25] GET /api/requests
[2025-12-09 14:21:25] GET /api/payments
[2025-12-09 14:21:33] GET /api/requests
[2025-12-09 14:21:33] GET /api/payments
[2025-12-09 14:21:33] GET /api/requests
[2025-12-09 14:21:33] GET /api/payments
[2025-12-09 14:22:03] GET /api/payments
[2025-12-09 14:22:03] GET /api/payments
[2025-12-09 14:22:09] PATCH /api/payments/8/verify
[2025-12-09 14:22:09] GET /api/payments
[2025-12-09 14:22:12] GET /api/payments
[2025-12-09 14:22:12] GET /api/requests
[2025-12-09 14:22:12] GET /api/payments
[2025-12-09 14:22:12] GET /api/requests
[2025-12-09 14:22:13] PATCH /api/requests/8/approve
[2025-12-09 14:22:14] GET /api/requests
[2025-12-09 14:22:14] GET /api/payments
[2025-12-09 14:22:22] GET /api/payments
[2025-12-09 14:22:22] GET /api/payments
[2025-12-09 14:23:53] GET /api/admin/users
[2025-12-09 14:23:53] GET /api/sites
[2025-12-09 14:23:53] GET /api/requests
[2025-12-09 14:23:53] GET /api/payments
[2025-12-09 14:23:53] GET /api/admin/users
[2025-12-09 14:23:53] GET /api/sites
[2025-12-09 14:23:53] GET /api/requests
[2025-12-09 14:23:53] GET /api/payments
[2025-12-09 14:23:53] GET /api/requests
[2025-12-09 14:23:54] GET /api/payments
[2025-12-09 14:23:54] GET /api/requests
[2025-12-09 14:23:54] GET /api/payments
[2025-12-09 14:28:01] POST /api/auth/login
[2025-12-09 14:28:01] GET /api/admin/users
[2025-12-09 14:28:02] GET /api/sites
[2025-12-09 14:28:02] GET /api/requests
[2025-12-09 14:28:02] GET /api/payments
[2025-12-09 14:28:02] GET /api/notifications
[2025-12-09 14:28:02] GET /api/admin/users
[2025-12-09 14:28:02] GET /api/sites
[2025-12-09 14:28:02] GET /api/requests
[2025-12-09 14:28:02] GET /api/payments
[2025-12-09 14:28:02] GET /api/notifications
[2025-12-09 14:28:02] GET /api/requests
[2025-12-09 14:28:02] GET /api/payments
[2025-12-09 14:28:02] GET /api/requests
[2025-12-09 14:28:02] GET /api/payments
[2025-12-09 14:29:23] POST /api/admin/users
[2025-12-09 14:29:24] GET /api/admin/users
[2025-12-09 14:29:24] GET /api/sites
[2025-12-09 14:29:24] GET /api/requests
[2025-12-09 14:29:24] GET /api/payments
[2025-12-09 14:29:24] GET /api/notifications
[2025-12-09 14:29:24] GET /api/requests
[2025-12-09 14:29:24] GET /api/payments
[2025-12-09 14:29:29] GET /api/admin/users
[2025-12-09 14:29:29] GET /api/admin/users
[2025-12-09 14:31:56] GET /api/sites
[2025-12-09 14:31:56] GET /api/admin/users
[2025-12-09 14:31:56] GET /api/sites
[2025-12-09 14:31:56] GET /api/admin/users
[2025-12-09 14:32:01] GET /api/payments
[2025-12-09 14:32:01] GET /api/payments
[2025-12-09 14:32:15] GET /api/admin/users
[2025-12-09 14:32:15] GET /api/sites
[2025-12-09 14:32:15] GET /api/requests
[2025-12-09 14:32:16] GET /api/payments
[2025-12-09 14:32:16] GET /api/admin/users
[2025-12-09 14:32:16] GET /api/sites
[2025-12-09 14:32:16] GET /api/requests
[2025-12-09 14:32:16] GET /api/payments
[2025-12-09 14:32:16] GET /api/requests
[2025-12-09 14:32:16] GET /api/payments
[2025-12-09 14:32:16] GET /api/requests
[2025-12-09 14:32:16] GET /api/payments
[2025-12-09 14:34:12] POST /api/auth/login
[2025-12-09 14:34:12] GET /api/payments
[2025-12-09 14:34:12] GET /api/requests
[2025-12-09 14:34:13] GET /api/sites
[2025-12-09 14:34:13] GET /api/admin/users
[2025-12-09 14:34:13] GET /api/notifications
[2025-12-09 14:34:13] GET /api/payments
[2025-12-09 14:34:13] GET /api/requests
[2025-12-09 14:34:13] GET /api/sites
[2025-12-09 14:34:13] GET /api/admin/users
[2025-12-09 14:34:13] GET /api/notifications
[2025-12-09 14:34:13] GET /api/payments
[2025-12-09 14:34:13] GET /api/requests
[2025-12-09 14:34:13] GET /api/payments
[2025-12-09 14:34:13] GET /api/requests
[2025-12-09 14:34:13] GET /api/admin/users
[2025-12-09 14:34:14] GET /api/admin/users
[2025-12-09 14:34:54] POST /api/auth/login
[2025-12-09 14:34:54] GET /api/sites
[2025-12-09 14:34:54] GET /api/sites
[2025-12-09 14:34:59] GET /api/sites
[2025-12-09 14:34:59] GET /api/sites
[2025-12-09 14:36:03] POST /api/auth/login
[2025-12-09 14:36:04] GET /api/admin/users
[2025-12-09 14:36:04] GET /api/sites
[2025-12-09 14:36:04] GET /api/requests
[2025-12-09 14:36:04] GET /api/payments
[2025-12-09 14:36:04] GET /api/notifications
[2025-12-09 14:36:05] GET /api/admin/users
[2025-12-09 14:36:05] GET /api/sites
[2025-12-09 14:36:05] GET /api/requests
[2025-12-09 14:36:05] GET /api/payments
[2025-12-09 14:36:05] GET /api/notifications
[2025-12-09 14:36:05] GET /api/requests
[2025-12-09 14:36:05] GET /api/payments
[2025-12-09 14:36:05] GET /api/requests
[2025-12-09 14:36:05] GET /api/payments
[2025-12-09 14:36:06] GET /api/requests
[2025-12-09 14:36:06] GET /api/payments
[2025-12-09 14:36:06] GET /api/requests
[2025-12-09 14:36:06] GET /api/payments
[2025-12-09 14:36:11] GET /api/admin/users
[2025-12-09 14:36:12] GET /api/admin/users
[2025-12-09 14:36:27] POST /api/auth/login
[2025-12-09 14:36:28] GET /api/requests
[2025-12-09 14:36:28] GET /api/requests
[2025-12-09 14:36:30] GET /api/requests
[2025-12-09 14:36:30] GET /api/requests
[2025-12-09 14:36:31] GET /api/sites
[2025-12-09 14:36:31] GET /api/sites
[2025-12-09 14:36:41] GET /api/sites/5
[2025-12-09 14:36:41] GET /api/sites/5
[2025-12-09 14:36:46] GET /api/sites
[2025-12-09 14:36:46] GET /api/sites
